
ROM used:   354/16384 (2%)
            354/16384 (2%) including unused fragments

            0.4 Average locations per line
            5.7 Average locations per statement

RAM used:   7/768 (1%) at main() level
            7/768 (1%) worst case

Stack used: 2 worst case (2 in main + 0 for interrupts)
Stack size: 31

Lines Stmts  %   Files
----- ----- ---  -----
  116    62 100  MayDapGian_v1.c
  892     0   0  C:\Program Files (x86)\PICC\Devices\18F4431.h
----- -----
 1008    62 Total

Page ROM  %  RAM    Vol Diff  Functions:
---- --- --- ---    --- ----  ----------
0     38   5    1    703  3.8  @delay_ms1
0    252  36    2   1308  3.9  main
0     32   5    0    123  2.1  ep_Vao
0     28   4    0    102  2.1  nha_Ra
 Inline         0    581  2.9  @cinit1

Program metrics:
    Functions               5
    Statements              62
    Comments                183
    Volume (V)              3759
    Difficulty (D)          15.2
    Effort to implement (E) 57261
    Time to implement (T)   53 minutes
    Est Delivered Bugs (B)  0
    Cyclomatic Complexity   24
    Maintainability (MI)    97

 Segment     Used  Free
-----------  ----  ----
00000-00002     4  0  
00004-03FFE   350  16030  



